
[2015-05-12 00:17:50] Beginning TopHat run (v2.0.14)
-----------------------------------------------
[2015-05-12 00:17:50] Checking for Bowtie
		  Bowtie version:	 2.2.5.0
[2015-05-12 00:17:50] Checking for Bowtie index files (genome)..
[2015-05-12 00:17:50] Checking for reference FASTA file
	Warning: Could not find FASTA file index/f000_chr21_ref_genome_sequence.fa
[2015-05-12 00:17:50] Reconstituting reference FASTA file from Bowtie index
  Executing: /usr/local/bin/bowtie2-inspect index/f000_chr21_ref_genome_sequence > tophat/f025_cont_tophat_out/tmp/f000_chr21_ref_genome_sequence.fa
[2015-05-12 00:17:51] Generating SAM header for index/f000_chr21_ref_genome_sequence
[2015-05-12 00:17:51] Preparing reads
	 left reads: min. length=100, max. length=100, 20000 kept reads (0 discarded)
	right reads: min. length=100, max. length=100, 20000 kept reads (0 discarded)
[2015-05-12 00:17:52] Mapping left_kept_reads to genome f000_chr21_ref_genome_sequence with Bowtie2 
[2015-05-12 00:18:04] Mapping left_kept_reads_seg1 to genome f000_chr21_ref_genome_sequence with Bowtie2 (1/4)
[2015-05-12 00:18:04] Mapping left_kept_reads_seg2 to genome f000_chr21_ref_genome_sequence with Bowtie2 (2/4)
[2015-05-12 00:18:05] Mapping left_kept_reads_seg3 to genome f000_chr21_ref_genome_sequence with Bowtie2 (3/4)
[2015-05-12 00:18:05] Mapping left_kept_reads_seg4 to genome f000_chr21_ref_genome_sequence with Bowtie2 (4/4)
[2015-05-12 00:18:05] Mapping right_kept_reads to genome f000_chr21_ref_genome_sequence with Bowtie2 
[2015-05-12 00:18:15] Mapping right_kept_reads_seg1 to genome f000_chr21_ref_genome_sequence with Bowtie2 (1/4)
[2015-05-12 00:18:15] Mapping right_kept_reads_seg2 to genome f000_chr21_ref_genome_sequence with Bowtie2 (2/4)
[2015-05-12 00:18:15] Mapping right_kept_reads_seg3 to genome f000_chr21_ref_genome_sequence with Bowtie2 (3/4)
[2015-05-12 00:18:16] Mapping right_kept_reads_seg4 to genome f000_chr21_ref_genome_sequence with Bowtie2 (4/4)
[2015-05-12 00:18:16] Searching for junctions via segment mapping
[2015-05-12 00:18:17] Retrieving sequences for splices
[2015-05-12 00:18:19] Indexing splices
[2015-05-12 00:18:19] Mapping left_kept_reads_seg1 to genome segment_juncs with Bowtie2 (1/4)
[2015-05-12 00:18:19] Mapping left_kept_reads_seg2 to genome segment_juncs with Bowtie2 (2/4)
[2015-05-12 00:18:19] Mapping left_kept_reads_seg3 to genome segment_juncs with Bowtie2 (3/4)
[2015-05-12 00:18:19] Mapping left_kept_reads_seg4 to genome segment_juncs with Bowtie2 (4/4)
[2015-05-12 00:18:19] Joining segment hits
[2015-05-12 00:18:20] Mapping right_kept_reads_seg1 to genome segment_juncs with Bowtie2 (1/4)
[2015-05-12 00:18:20] Mapping right_kept_reads_seg2 to genome segment_juncs with Bowtie2 (2/4)
[2015-05-12 00:18:20] Mapping right_kept_reads_seg3 to genome segment_juncs with Bowtie2 (3/4)
[2015-05-12 00:18:20] Mapping right_kept_reads_seg4 to genome segment_juncs with Bowtie2 (4/4)
[2015-05-12 00:18:20] Joining segment hits
[2015-05-12 00:18:21] Reporting output tracks
-----------------------------------------------
[2015-05-12 00:18:24] A summary of the alignment counts can be found in tophat/f025_cont_tophat_out/align_summary.txt
[2015-05-12 00:18:24] Run complete: 00:00:34 elapsed
