
[2015-05-12 00:18:24] Beginning TopHat run (v2.0.14)
-----------------------------------------------
[2015-05-12 00:18:24] Checking for Bowtie
		  Bowtie version:	 2.2.5.0
[2015-05-12 00:18:24] Checking for Bowtie index files (genome)..
[2015-05-12 00:18:24] Checking for reference FASTA file
	Warning: Could not find FASTA file index/f000_chr21_ref_genome_sequence.fa
[2015-05-12 00:18:24] Reconstituting reference FASTA file from Bowtie index
  Executing: /usr/local/bin/bowtie2-inspect index/f000_chr21_ref_genome_sequence > tophat/f026_cont_tophat_out/tmp/f000_chr21_ref_genome_sequence.fa
[2015-05-12 00:18:26] Generating SAM header for index/f000_chr21_ref_genome_sequence
[2015-05-12 00:18:26] Preparing reads
	 left reads: min. length=100, max. length=100, 20000 kept reads (0 discarded)
	right reads: min. length=100, max. length=100, 20000 kept reads (0 discarded)
[2015-05-12 00:18:26] Mapping left_kept_reads to genome f000_chr21_ref_genome_sequence with Bowtie2 
[2015-05-12 00:18:38] Mapping left_kept_reads_seg1 to genome f000_chr21_ref_genome_sequence with Bowtie2 (1/4)
[2015-05-12 00:18:38] Mapping left_kept_reads_seg2 to genome f000_chr21_ref_genome_sequence with Bowtie2 (2/4)
[2015-05-12 00:18:38] Mapping left_kept_reads_seg3 to genome f000_chr21_ref_genome_sequence with Bowtie2 (3/4)
[2015-05-12 00:18:38] Mapping left_kept_reads_seg4 to genome f000_chr21_ref_genome_sequence with Bowtie2 (4/4)
[2015-05-12 00:18:38] Mapping right_kept_reads to genome f000_chr21_ref_genome_sequence with Bowtie2 
[2015-05-12 00:18:49] Mapping right_kept_reads_seg1 to genome f000_chr21_ref_genome_sequence with Bowtie2 (1/4)
[2015-05-12 00:18:49] Mapping right_kept_reads_seg2 to genome f000_chr21_ref_genome_sequence with Bowtie2 (2/4)
[2015-05-12 00:18:49] Mapping right_kept_reads_seg3 to genome f000_chr21_ref_genome_sequence with Bowtie2 (3/4)
[2015-05-12 00:18:49] Mapping right_kept_reads_seg4 to genome f000_chr21_ref_genome_sequence with Bowtie2 (4/4)
[2015-05-12 00:18:49] Searching for junctions via segment mapping
[2015-05-12 00:18:51] Retrieving sequences for splices
[2015-05-12 00:18:52] Indexing splices
[2015-05-12 00:18:53] Mapping left_kept_reads_seg1 to genome segment_juncs with Bowtie2 (1/4)
[2015-05-12 00:18:53] Mapping left_kept_reads_seg2 to genome segment_juncs with Bowtie2 (2/4)
[2015-05-12 00:18:53] Mapping left_kept_reads_seg3 to genome segment_juncs with Bowtie2 (3/4)
[2015-05-12 00:18:53] Mapping left_kept_reads_seg4 to genome segment_juncs with Bowtie2 (4/4)
[2015-05-12 00:18:53] Joining segment hits
[2015-05-12 00:18:54] Mapping right_kept_reads_seg1 to genome segment_juncs with Bowtie2 (1/4)
[2015-05-12 00:18:54] Mapping right_kept_reads_seg2 to genome segment_juncs with Bowtie2 (2/4)
[2015-05-12 00:18:54] Mapping right_kept_reads_seg3 to genome segment_juncs with Bowtie2 (3/4)
[2015-05-12 00:18:54] Mapping right_kept_reads_seg4 to genome segment_juncs with Bowtie2 (4/4)
[2015-05-12 00:18:54] Joining segment hits
[2015-05-12 00:18:55] Reporting output tracks
-----------------------------------------------
[2015-05-12 00:18:58] A summary of the alignment counts can be found in tophat/f026_cont_tophat_out/align_summary.txt
[2015-05-12 00:18:58] Run complete: 00:00:33 elapsed
