
[2015-05-12 00:17:17] Beginning TopHat run (v2.0.14)
-----------------------------------------------
[2015-05-12 00:17:17] Checking for Bowtie
		  Bowtie version:	 2.2.5.0
[2015-05-12 00:17:17] Checking for Bowtie index files (genome)..
[2015-05-12 00:17:17] Checking for reference FASTA file
	Warning: Could not find FASTA file index/f000_chr21_ref_genome_sequence.fa
[2015-05-12 00:17:17] Reconstituting reference FASTA file from Bowtie index
  Executing: /usr/local/bin/bowtie2-inspect index/f000_chr21_ref_genome_sequence > tophat/f024_cont_tophat_out/tmp/f000_chr21_ref_genome_sequence.fa
[2015-05-12 00:17:19] Generating SAM header for index/f000_chr21_ref_genome_sequence
[2015-05-12 00:17:19] Preparing reads
	 left reads: min. length=100, max. length=100, 20000 kept reads (0 discarded)
	right reads: min. length=100, max. length=100, 20000 kept reads (0 discarded)
[2015-05-12 00:17:19] Mapping left_kept_reads to genome f000_chr21_ref_genome_sequence with Bowtie2 
[2015-05-12 00:17:30] Mapping left_kept_reads_seg1 to genome f000_chr21_ref_genome_sequence with Bowtie2 (1/4)
[2015-05-12 00:17:30] Mapping left_kept_reads_seg2 to genome f000_chr21_ref_genome_sequence with Bowtie2 (2/4)
[2015-05-12 00:17:30] Mapping left_kept_reads_seg3 to genome f000_chr21_ref_genome_sequence with Bowtie2 (3/4)
[2015-05-12 00:17:30] Mapping left_kept_reads_seg4 to genome f000_chr21_ref_genome_sequence with Bowtie2 (4/4)
[2015-05-12 00:17:30] Mapping right_kept_reads to genome f000_chr21_ref_genome_sequence with Bowtie2 
[2015-05-12 00:17:41] Mapping right_kept_reads_seg1 to genome f000_chr21_ref_genome_sequence with Bowtie2 (1/4)
[2015-05-12 00:17:41] Mapping right_kept_reads_seg2 to genome f000_chr21_ref_genome_sequence with Bowtie2 (2/4)
[2015-05-12 00:17:41] Mapping right_kept_reads_seg3 to genome f000_chr21_ref_genome_sequence with Bowtie2 (3/4)
[2015-05-12 00:17:41] Mapping right_kept_reads_seg4 to genome f000_chr21_ref_genome_sequence with Bowtie2 (4/4)
[2015-05-12 00:17:41] Searching for junctions via segment mapping
[2015-05-12 00:17:43] Retrieving sequences for splices
[2015-05-12 00:17:44] Indexing splices
[2015-05-12 00:17:44] Mapping left_kept_reads_seg1 to genome segment_juncs with Bowtie2 (1/4)
[2015-05-12 00:17:44] Mapping left_kept_reads_seg2 to genome segment_juncs with Bowtie2 (2/4)
[2015-05-12 00:17:45] Mapping left_kept_reads_seg3 to genome segment_juncs with Bowtie2 (3/4)
[2015-05-12 00:17:45] Mapping left_kept_reads_seg4 to genome segment_juncs with Bowtie2 (4/4)
[2015-05-12 00:17:45] Joining segment hits
[2015-05-12 00:17:46] Mapping right_kept_reads_seg1 to genome segment_juncs with Bowtie2 (1/4)
[2015-05-12 00:17:46] Mapping right_kept_reads_seg2 to genome segment_juncs with Bowtie2 (2/4)
[2015-05-12 00:17:46] Mapping right_kept_reads_seg3 to genome segment_juncs with Bowtie2 (3/4)
[2015-05-12 00:17:46] Mapping right_kept_reads_seg4 to genome segment_juncs with Bowtie2 (4/4)
[2015-05-12 00:17:46] Joining segment hits
[2015-05-12 00:17:47] Reporting output tracks
-----------------------------------------------
[2015-05-12 00:17:50] A summary of the alignment counts can be found in tophat/f024_cont_tophat_out/align_summary.txt
[2015-05-12 00:17:50] Run complete: 00:00:32 elapsed
