
[2015-05-12 00:16:11] Beginning TopHat run (v2.0.14)
-----------------------------------------------
[2015-05-12 00:16:11] Checking for Bowtie
		  Bowtie version:	 2.2.5.0
[2015-05-12 00:16:11] Checking for Bowtie index files (genome)..
[2015-05-12 00:16:11] Checking for reference FASTA file
	Warning: Could not find FASTA file index/f000_chr21_ref_genome_sequence.fa
[2015-05-12 00:16:11] Reconstituting reference FASTA file from Bowtie index
  Executing: /usr/local/bin/bowtie2-inspect index/f000_chr21_ref_genome_sequence > tophat/f021_case_tophat_out/tmp/f000_chr21_ref_genome_sequence.fa
[2015-05-12 00:16:13] Generating SAM header for index/f000_chr21_ref_genome_sequence
[2015-05-12 00:16:13] Preparing reads
	 left reads: min. length=100, max. length=100, 10000 kept reads (0 discarded)
	right reads: min. length=100, max. length=100, 10000 kept reads (0 discarded)
[2015-05-12 00:16:13] Mapping left_kept_reads to genome f000_chr21_ref_genome_sequence with Bowtie2 
[2015-05-12 00:16:18] Mapping left_kept_reads_seg1 to genome f000_chr21_ref_genome_sequence with Bowtie2 (1/4)
[2015-05-12 00:16:19] Mapping left_kept_reads_seg2 to genome f000_chr21_ref_genome_sequence with Bowtie2 (2/4)
[2015-05-12 00:16:19] Mapping left_kept_reads_seg3 to genome f000_chr21_ref_genome_sequence with Bowtie2 (3/4)
[2015-05-12 00:16:19] Mapping left_kept_reads_seg4 to genome f000_chr21_ref_genome_sequence with Bowtie2 (4/4)
[2015-05-12 00:16:19] Mapping right_kept_reads to genome f000_chr21_ref_genome_sequence with Bowtie2 
[2015-05-12 00:16:24] Mapping right_kept_reads_seg1 to genome f000_chr21_ref_genome_sequence with Bowtie2 (1/4)
[2015-05-12 00:16:24] Mapping right_kept_reads_seg2 to genome f000_chr21_ref_genome_sequence with Bowtie2 (2/4)
[2015-05-12 00:16:24] Mapping right_kept_reads_seg3 to genome f000_chr21_ref_genome_sequence with Bowtie2 (3/4)
[2015-05-12 00:16:24] Mapping right_kept_reads_seg4 to genome f000_chr21_ref_genome_sequence with Bowtie2 (4/4)
[2015-05-12 00:16:24] Searching for junctions via segment mapping
[2015-05-12 00:16:26] Retrieving sequences for splices
[2015-05-12 00:16:27] Indexing splices
[2015-05-12 00:16:27] Mapping left_kept_reads_seg1 to genome segment_juncs with Bowtie2 (1/4)
[2015-05-12 00:16:27] Mapping left_kept_reads_seg2 to genome segment_juncs with Bowtie2 (2/4)
[2015-05-12 00:16:27] Mapping left_kept_reads_seg3 to genome segment_juncs with Bowtie2 (3/4)
[2015-05-12 00:16:27] Mapping left_kept_reads_seg4 to genome segment_juncs with Bowtie2 (4/4)
[2015-05-12 00:16:27] Joining segment hits
[2015-05-12 00:16:29] Mapping right_kept_reads_seg1 to genome segment_juncs with Bowtie2 (1/4)
[2015-05-12 00:16:29] Mapping right_kept_reads_seg2 to genome segment_juncs with Bowtie2 (2/4)
[2015-05-12 00:16:29] Mapping right_kept_reads_seg3 to genome segment_juncs with Bowtie2 (3/4)
[2015-05-12 00:16:29] Mapping right_kept_reads_seg4 to genome segment_juncs with Bowtie2 (4/4)
[2015-05-12 00:16:29] Joining segment hits
[2015-05-12 00:16:30] Reporting output tracks
-----------------------------------------------
[2015-05-12 00:16:32] A summary of the alignment counts can be found in tophat/f021_case_tophat_out/align_summary.txt
[2015-05-12 00:16:32] Run complete: 00:00:20 elapsed
